# JRE version: Java(TM) SE Runtime Environment (8.0_211-b12) (build 1.8.0_211-b12)
# Java VM: Java HotSpot(TM) 64-Bit Server VM (25.211-b12 mixed mode windows-amd64 compressed oops)
Heap:
 PSYoungGen      total 135168K, used 61775K [0x000000076b600000, 0x0000000775b80000, 0x00000007c0000000)
  eden space 124416K, 42% used [0x000000076b600000,0x000000076e95be78,0x0000000772f80000)
  from space 10752K, 85% used [0x0000000772f80000,0x0000000773877e98,0x0000000773a00000)
  to   space 11264K, 0% used [0x0000000775080000,0x0000000775080000,0x0000000775b80000)
 ParOldGen       total 103936K, used 8702K [0x00000006c2200000, 0x00000006c8780000, 0x000000076b600000)
  object space 103936K, 8% used [0x00000006c2200000,0x00000006c2a7f9c8,0x00000006c8780000)
 Metaspace       used 31495K, capacity 33524K, committed 33792K, reserved 1079296K
  class space    used 4150K, capacity 4521K, committed 4608K, reserved 1048576K
GC Heap History (10 events):
Event: 1.581 GC heap before
{Heap before GC invocations=2 (full 0):
 PSYoungGen      total 75776K, used 70468K [0x000000076b600000, 0x0000000770a80000, 0x00000007c0000000)
  eden space 65024K, 100% used [0x000000076b600000,0x000000076f580000,0x000000076f580000)
  from space 10752K, 50% used [0x000000076f580000,0x000000076fad1360,0x0000000770000000)
  to   space 10752K, 0% used [0x0000000770000000,0x0000000770000000,0x0000000770a80000)
 ParOldGen       total 173568K, used 16K [0x00000006c2200000, 0x00000006ccb80000, 0x000000076b600000)
  object space 173568K, 0% used [0x00000006c2200000,0x00000006c2204000,0x00000006ccb80000)
 Metaspace       used 17225K, capacity 18002K, committed 18304K, reserved 1064960K
  class space    used 2206K, capacity 2379K, committed 2432K, reserved 1048576K
Event: 1.587 GC heap after
Heap after GC invocations=2 (full 0):
 PSYoungGen      total 75776K, used 7582K [0x000000076b600000, 0x0000000774a00000, 0x00000007c0000000)
  eden space 65024K, 0% used [0x000000076b600000,0x000000076b600000,0x000000076f580000)
  from space 10752K, 70% used [0x0000000770000000,0x0000000770767b70,0x0000000770a80000)
  to   space 10752K, 0% used [0x000000076f580000,0x000000076f580000,0x0000000770000000)
 ParOldGen       total 173568K, used 24K [0x00000006c2200000, 0x00000006ccb80000, 0x000000076b600000)
  object space 173568K, 0% used [0x00000006c2200000,0x00000006c2206000,0x00000006ccb80000)
 Metaspace       used 17225K, capacity 18002K, committed 18304K, reserved 1064960K
  class space    used 2206K, capacity 2379K, committed 2432K, reserved 1048576K
}
Event: 1.879 GC heap before
{Heap before GC invocations=3 (full 0):
 PSYoungGen      total 75776K, used 71656K [0x000000076b600000, 0x0000000774a00000, 0x00000007c0000000)
  eden space 65024K, 98% used [0x000000076b600000,0x000000076f492748,0x000000076f580000)
  from space 10752K, 70% used [0x0000000770000000,0x0000000770767b70,0x0000000770a80000)
  to   space 10752K, 0% used [0x000000076f580000,0x000000076f580000,0x0000000770000000)
 ParOldGen       total 173568K, used 24K [0x00000006c2200000, 0x00000006ccb80000, 0x000000076b600000)
  object space 173568K, 0% used [0x00000006c2200000,0x00000006c2206000,0x00000006ccb80000)
 Metaspace       used 20267K, capacity 21198K, committed 21296K, reserved 1067008K
  class space    used 2649K, capacity 2869K, committed 2944K, reserved 1048576K
Event: 1.886 GC heap after
Heap after GC invocations=3 (full 0):
 PSYoungGen      total 75776K, used 8998K [0x000000076b600000, 0x0000000774a00000, 0x00000007c0000000)
  eden space 65024K, 0% used [0x000000076b600000,0x000000076b600000,0x000000076f580000)
  from space 10752K, 83% used [0x000000076f580000,0x000000076fe498a0,0x0000000770000000)
  to   space 10752K, 0% used [0x0000000773f80000,0x0000000773f80000,0x0000000774a00000)
 ParOldGen       total 173568K, used 32K [0x00000006c2200000, 0x00000006ccb80000, 0x000000076b600000)
  object space 173568K, 0% used [0x00000006c2200000,0x00000006c2208000,0x00000006ccb80000)
 Metaspace       used 20267K, capacity 21198K, committed 21296K, reserved 1067008K
  class space    used 2649K, capacity 2869K, committed 2944K, reserved 1048576K
}
Event: 1.886 GC heap before
{Heap before GC invocations=4 (full 1):
 PSYoungGen      total 75776K, used 8998K [0x000000076b600000, 0x0000000774a00000, 0x00000007c0000000)
  eden space 65024K, 0% used [0x000000076b600000,0x000000076b600000,0x000000076f580000)
  from space 10752K, 83% used [0x000000076f580000,0x000000076fe498a0,0x0000000770000000)
  to   space 10752K, 0% used [0x0000000773f80000,0x0000000773f80000,0x0000000774a00000)
 ParOldGen       total 173568K, used 32K [0x00000006c2200000, 0x00000006ccb80000, 0x000000076b600000)
  object space 173568K, 0% used [0x00000006c2200000,0x00000006c2208000,0x00000006ccb80000)
 Metaspace       used 20267K, capacity 21198K, committed 21296K, reserved 1067008K
  class space    used 2649K, capacity 2869K, committed 2944K, reserved 1048576K
Event: 1.910 GC heap after
Heap after GC invocations=4 (full 1):
 PSYoungGen      total 75776K, used 0K [0x000000076b600000, 0x0000000774a00000, 0x00000007c0000000)
  eden space 65024K, 0% used [0x000000076b600000,0x000000076b600000,0x000000076f580000)
  from space 10752K, 0% used [0x000000076f580000,0x000000076f580000,0x0000000770000000)
  to   space 10752K, 0% used [0x0000000773f80000,0x0000000773f80000,0x0000000774a00000)
 ParOldGen       total 103936K, used 8686K [0x00000006c2200000, 0x00000006c8780000, 0x000000076b600000)
  object space 103936K, 8% used [0x00000006c2200000,0x00000006c2a7b9c8,0x00000006c8780000)
 Metaspace       used 20267K, capacity 21198K, committed 21296K, reserved 1067008K
  class space    used 2649K, capacity 2869K, committed 2944K, reserved 1048576K
}
Event: 2.343 GC heap before
{Heap before GC invocations=5 (full 1):
 PSYoungGen      total 75776K, used 65024K [0x000000076b600000, 0x0000000774a00000, 0x00000007c0000000)
  eden space 65024K, 100% used [0x000000076b600000,0x000000076f580000,0x000000076f580000)
  from space 10752K, 0% used [0x000000076f580000,0x000000076f580000,0x0000000770000000)
  to   space 10752K, 0% used [0x0000000773f80000,0x0000000773f80000,0x0000000774a00000)
 ParOldGen       total 103936K, used 8686K [0x00000006c2200000, 0x00000006c8780000, 0x000000076b600000)
  object space 103936K, 8% used [0x00000006c2200000,0x00000006c2a7b9c8,0x00000006c8780000)
 Metaspace       used 23386K, capacity 24928K, committed 25216K, reserved 1071104K
  class space    used 3134K, capacity 3400K, committed 3456K, reserved 1048576K
Event: 2.347 GC heap after
Heap after GC invocations=5 (full 1):
 PSYoungGen      total 104448K, used 4781K [0x000000076b600000, 0x0000000774480000, 0x00000007c0000000)
  eden space 99328K, 0% used [0x000000076b600000,0x000000076b600000,0x0000000771700000)
  from space 5120K, 93% used [0x0000000773f80000,0x000000077442b4a0,0x0000000774480000)
  to   space 10752K, 0% used [0x0000000772f80000,0x0000000772f80000,0x0000000773a00000)
 ParOldGen       total 103936K, used 8694K [0x00000006c2200000, 0x00000006c8780000, 0x000000076b600000)
  object space 103936K, 8% used [0x00000006c2200000,0x00000006c2a7d9c8,0x00000006c8780000)
 Metaspace       used 23386K, capacity 24928K, committed 25216K, reserved 1071104K
  class space    used 3134K, capacity 3400K, committed 3456K, reserved 1048576K
}
Event: 3.887 GC heap before
{Heap before GC invocations=6 (full 1):
 PSYoungGen      total 104448K, used 104109K [0x000000076b600000, 0x0000000774480000, 0x00000007c0000000)
  eden space 99328K, 100% used [0x000000076b600000,0x0000000771700000,0x0000000771700000)
  from space 5120K, 93% used [0x0000000773f80000,0x000000077442b4a0,0x0000000774480000)
  to   space 10752K, 0% used [0x0000000772f80000,0x0000000772f80000,0x0000000773a00000)
 ParOldGen       total 103936K, used 8694K [0x00000006c2200000, 0x00000006c8780000, 0x000000076b600000)
  object space 103936K, 8% used [0x00000006c2200000,0x00000006c2a7d9c8,0x00000006c8780000)
 Metaspace       used 28355K, capacity 30358K, committed 30592K, reserved 1075200K
  class space    used 3780K, capacity 4138K, committed 4224K, reserved 1048576K
Event: 3.895 GC heap after
Heap after GC invocations=6 (full 1):
 PSYoungGen      total 135168K, used 9183K [0x000000076b600000, 0x0000000775b80000, 0x00000007c0000000)
  eden space 124416K, 0% used [0x000000076b600000,0x000000076b600000,0x0000000772f80000)
  from space 10752K, 85% used [0x0000000772f80000,0x0000000773877e98,0x0000000773a00000)
  to   space 11264K, 0% used [0x0000000775080000,0x0000000775080000,0x0000000775b80000)
 ParOldGen       total 103936K, used 8702K [0x00000006c2200000, 0x00000006c8780000, 0x000000076b600000)
  object space 103936K, 8% used [0x00000006c2200000,0x00000006c2a7f9c8,0x00000006c8780000)
 Metaspace       used 28355K, capacity 30358K, committed 30592K, reserved 1075200K
  class space    used 3780K, capacity 4138K, committed 4224K, reserved 1048576K
}

